Build started 04-07-2022 22:59:23.
     1>Project "C:\Users\user\Desktop\CG Mini Project\Code\Network Firewall\Network Firewall\Network Firewall.vcxproj" on node 2 (build target(s)).
     1>InitializeBuildStatus:
         Creating "Debug\Network Firewall.unsuccessfulbuild" because "AlwaysCreate" was specified.
       ClCompile:
         C:\Program Files (x86)\Microsoft Visual Studio 10.0\VC\bin\CL.exe /c /ZI /nologo /W3 /WX- /Od /Oy- /D WIN32 /D _DEBUG /D _CONSOLE /D _UNICODE /D UNICODE /Gm /EHsc /RTC1 /MDd /GS /fp:precise /Zc:wchar_t /Zc:forScope /Yc"StdAfx.h" /Fp"Debug\Network Firewall.pch" /Fo"Debug\\" /Fd"Debug\vc100.pdb" /Gd /TP /analyze- /errorReport:prompt stdafx.cpp
         stdafx.cpp
         C:\Program Files (x86)\Microsoft Visual Studio 10.0\VC\bin\CL.exe /c /ZI /nologo /W3 /WX- /Od /Oy- /D WIN32 /D _DEBUG /D _CONSOLE /D _UNICODE /D UNICODE /Gm /EHsc /RTC1 /MDd /GS /fp:precise /Zc:wchar_t /Zc:forScope /Yu"StdAfx.h" /Fp"Debug\Network Firewall.pch" /Fo"Debug\\" /Fd"Debug\vc100.pdb" /Gd /TP /analyze- /errorReport:prompt "Network Firewall.cpp"
         Network Firewall.cpp
     1>c:\users\user\desktop\cg mini project\code\network firewall\network firewall\network firewall.cpp(47): warning C4996: 'vsprintf': This function or variable may be unsafe. Consider using vsprintf_s instead. To disable deprecation, use _CRT_SECURE_NO_WARNINGS. See online help for details.
                 c:\program files (x86)\microsoft visual studio 10.0\vc\include\stdio.h(371) : see declaration of 'vsprintf'
       ManifestResourceCompile:
         C:\Program Files (x86)\Microsoft SDKs\Windows\v7.0A\bin\rc.exe /nologo /fo"Debug\Network Firewall.exe.embed.manifest.res" "Debug\Network Firewall_manifest.rc" 
       Link:
         C:\Program Files (x86)\Microsoft Visual Studio 10.0\VC\bin\link.exe /ERRORREPORT:PROMPT /OUT:"C:\Users\user\Desktop\CG Mini Project\Code\Network Firewall\Debug\Network Firewall.exe" /INCREMENTAL /NOLOGO kernel32.lib user32.lib gdi32.lib winspool.lib comdlg32.lib advapi32.lib shell32.lib ole32.lib oleaut32.lib uuid.lib odbc32.lib odbccp32.lib /MANIFEST /ManifestFile:"Debug\Network Firewall.exe.intermediate.manifest" /MANIFESTUAC:"level='asInvoker' uiAccess='false'" /DEBUG /PDB:"C:\Users\user\Desktop\CG Mini Project\Code\Network Firewall\Debug\Network Firewall.pdb" /SUBSYSTEM:CONSOLE /TLBID:1 /DYNAMICBASE /NXCOMPAT /IMPLIB:"C:\Users\user\Desktop\CG Mini Project\Code\Network Firewall\Debug\Network Firewall.lib" /MACHINE:X86 "Debug\Network Firewall.exe.embed.manifest.res"
         "Debug\Network Firewall.obj"
         Debug\stdafx.obj
       Manifest:
         C:\Program Files (x86)\Microsoft SDKs\Windows\v7.0A\bin\mt.exe /nologo /verbose /out:"Debug\Network Firewall.exe.embed.manifest" /manifest "Debug\Network Firewall.exe.intermediate.manifest"
         All outputs are up-to-date.
       LinkEmbedManifest:
         All outputs are up-to-date.
         Network Firewall.vcxproj -> C:\Users\user\Desktop\CG Mini Project\Code\Network Firewall\Debug\Network Firewall.exe
       FinalizeBuildStatus:
         Deleting file "Debug\Network Firewall.unsuccessfulbuild".
         Touching "Debug\Network Firewall.lastbuildstate".
     1>Done Building Project "C:\Users\user\Desktop\CG Mini Project\Code\Network Firewall\Network Firewall\Network Firewall.vcxproj" (build target(s)).

Build succeeded.

Time Elapsed 00:00:03.53
